\BOOKMARK [1][-]{section.1}{\376\377\000E\000x\000e\000c\000u\000t\000i\000v\000e\000\040\000S\000u\000m\000m\000a\000r\000y}{}% 1
\BOOKMARK [1][-]{section.2}{\376\377\000I\000n\000t\000r\000o\000d\000u\000c\000t\000i\000o\000n\000:\000\040\000A\000f\000f\000o\000r\000d\000a\000b\000i\000l\000i\000t\000y\000\040\000a\000s\000\040\000A\000c\000c\000e\000s\000s\000,\000\040\000A\000l\000l\000o\000c\000a\000t\000i\000o\000n\000,\000\040\000a\000n\000d\000\040\000M\000a\000r\000k\000e\000t\000\040\000C\000l\000e\000a\000r\000i\000n\000g}{}% 2
\BOOKMARK [1][-]{section.3}{\376\377\000F\000r\000o\000m\000\040\000D\000e\000s\000c\000r\000i\000p\000t\000i\000v\000e\000\040\000D\000i\000a\000g\000n\000o\000s\000i\000s\000\040\000t\000o\000\040\000a\000\040\000F\000o\000r\000w\000a\000r\000d\000-\000L\000o\000o\000k\000i\000n\000g\000\040\000T\000o\000o\000l}{}% 3
\BOOKMARK [2][-]{subsection.3.1}{\376\377\000W\000h\000y\000\040\000`\000`\000f\000o\000r\000w\000a\000r\000d\000-\000l\000o\000o\000k\000i\000n\000g\000'\000'\000\040\000i\000s\000\040\000o\000p\000e\000r\000a\000t\000i\000o\000n\000a\000l\000l\000y\000\040\000m\000e\000a\000n\000i\000n\000g\000f\000u\000l\000\040\000h\000e\000r\000e}{section.3}% 4
\BOOKMARK [1][-]{section.4}{\376\377\000D\000a\000t\000a\000\040\000a\000n\000d\000\040\000R\000e\000p\000r\000o\000d\000u\000c\000i\000b\000l\000e\000\040\000C\000o\000n\000s\000t\000r\000u\000c\000t\000i\000o\000n}{}% 5
\BOOKMARK [2][-]{subsection.4.1}{\376\377\000I\000n\000p\000u\000t\000s\000\040\000\050\000q\000u\000a\000r\000t\000e\000r\000l\000y\000\051}{section.4}% 6
\BOOKMARK [2][-]{subsection.4.2}{\376\377\000D\000e\000r\000i\000v\000e\000d\000\040\000s\000e\000r\000i\000e\000s}{section.4}% 7
\BOOKMARK [1][-]{section.5}{\376\377\000B\000a\000s\000e\000l\000i\000n\000e\000\040\000N\000o\000r\000m\000a\000l\000i\000s\000a\000t\000i\000o\000n\000\040\000\050\000C\000o\000r\000e\000\040\000P\000r\000o\000v\000i\000s\000o\000\051}{}% 8
\BOOKMARK [1][-]{section.6}{\376\377\000T\000h\000e\000\040\000H\000o\000m\000e\000@\000i\000x\000\040\000F\000A\000I\000R\000\040\000I\000n\000d\000i\000c\000a\000t\000o\000r}{}% 9
\BOOKMARK [2][-]{subsection.6.1}{\376\377\000F\000A\000I\000R\000\040\000d\000e\000f\000i\000n\000i\000t\000i\000o\000n}{section.6}% 10
\BOOKMARK [2][-]{subsection.6.2}{\376\377\000D\000i\000r\000e\000c\000t\000i\000o\000n\000-\000o\000f\000-\000f\000l\000o\000w}{section.6}% 11
\BOOKMARK [2][-]{subsection.6.3}{\376\377\000I\000n\000t\000e\000r\000p\000r\000e\000t\000a\000t\000i\000o\000n\000\040\000b\000a\000n\000d\000s\000\040\000\050\000p\000r\000a\000c\000t\000i\000c\000a\000l\000\051}{section.6}% 12
\BOOKMARK [1][-]{section.7}{\376\377\000U\000s\000i\000n\000g\000\040\000F\000A\000I\000R\000\040\000f\000o\000r\000\040\000F\000o\000r\000w\000a\000r\000d\000-\000L\000o\000o\000k\000i\000n\000g\000\040\000E\000v\000a\000l\000u\000a\000t\000i\000o\000n\000\040\000\050\000E\000v\000e\000n\000t\000\040\000B\000a\000c\000k\000t\000e\000s\000t\000i\000n\000g\000\051}{}% 13
\BOOKMARK [2][-]{subsection.7.1}{\376\377\000C\000r\000a\000s\000h\000-\000s\000t\000a\000r\000t\000\040\000e\000v\000e\000n\000t\000s\000\040\000\050\000r\000u\000l\000e\000-\000b\000a\000s\000e\000d\000\051}{section.7}% 14
\BOOKMARK [2][-]{subsection.7.2}{\376\377\000I\000l\000l\000u\000s\000t\000r\000a\000t\000i\000v\000e\000\040\000w\000a\000r\000n\000i\000n\000g\000\040\000r\000u\000l\000e\000s}{section.7}% 15
\BOOKMARK [2][-]{subsection.7.3}{\376\377\000M\000e\000t\000r\000i\000c\000s}{section.7}% 16
\BOOKMARK [1][-]{section.8}{\376\377\000O\000u\000t\000p\000u\000t\000s\000\040\000a\000n\000d\000\040\000V\000i\000s\000u\000a\000l\000i\000s\000a\000t\000i\000o\000n\000s\000\040\000\050\000R\000e\000p\000r\000o\000d\000u\000c\000i\000b\000l\000e\000\051}{}% 17
\BOOKMARK [2][-]{subsection.8.1}{\376\377\000F\000i\000g\000u\000r\000e\000\040\000p\000l\000a\000c\000e\000h\000o\000l\000d\000e\000r\000s}{section.8}% 18
\BOOKMARK [1][-]{section.9}{\376\377\000L\000i\000m\000i\000t\000a\000t\000i\000o\000n\000s\000\040\000a\000n\000d\000\040\000E\000x\000t\000e\000n\000s\000i\000o\000n\000s}{}% 19
\BOOKMARK [1][-]{section.10}{\376\377\000C\000o\000n\000c\000l\000u\000s\000i\000o\000n}{}% 20
